#
# There is insufficient memory for the Java Runtime Environment to continue.
# Native memory allocation (malloc) failed to allocate 1048576 bytes for AllocateHeap
# Possible reasons:
#   The system is out of physical RAM or swap space
#   In 32 bit mode, the process size limit was hit
# Possible solutions:
#   Reduce memory load on the system
#   Increase physical memory or swap space
#   Check if swap backing store is full
#   Use 64 bit Java on a 64 bit OS
#   Decrease Java heap size (-Xmx/-Xms)
#   Decrease number of Java threads
#   Decrease Java thread stack sizes (-Xss)
#   Set larger code cache with -XX:ReservedCodeCacheSize=
# This output file may be truncated or incomplete.
#
#  Out of Memory Error (memory/allocation.inline.hpp:61), pid=18944, tid=0x0000000000002624
#
# JRE version:  (8.0) (build )
# Java VM: OpenJDK 64-Bit Server VM (25.71-b00 mixed mode windows-amd64 compressed oops)
# Failed to write core dump. Minidumps are not enabled by default on client versions of Windows
#

---------------  T H R E A D  ---------------

Current thread (0x0000000002944000):  JavaThread "Unknown thread" [_thread_in_vm, id=9764, stack(0x0000000002840000,0x0000000002940000)]

Stack: [0x0000000002840000,0x0000000002940000]
[error occurred during error reporting (printing stack bounds), id 0xc0000005]

Native frames: (J=compiled Java code, j=interpreted, Vv=VM code, C=native code)


---------------  P R O C E S S  ---------------

Java Threads: ( => current thread )

Other Threads:

=>0x0000000002944000 (exited) JavaThread "Unknown thread" [_thread_in_vm, id=9764, stack(0x0000000002840000,0x0000000002940000)]

VM state:not at safepoint (normal execution)

VM Mutex/Monitor currently owned by a thread: None

Heap:
 PSYoungGen      total 76288K, used 1310K [0x000000076b500000, 0x0000000770a00000, 0x00000007c0000000)
  eden space 65536K, 2% used [0x000000076b500000,0x000000076b647af0,0x000000076f500000)
  from space 10752K, 0% used [0x000000076ff80000,0x000000076ff80000,0x0000000770a00000)
  to   space 10752K, 0% used [0x000000076f500000,0x000000076f500000,0x000000076ff80000)
 ParOldGen       total 175104K, used 0K [0x00000006c1e00000, 0x00000006cc900000, 0x000000076b500000)
  object space 175104K, 0% used [0x00000006c1e00000,0x00000006c1e00000,0x00000006cc900000)
 Metaspace       used 777K, capacity 4480K, committed 4480K, reserved 1056768K
  class space    used 74K, capacity 384K, committed 384K, reserved 1048576K

Card table byte_map: [0x0000000011e00000,0x0000000012600000] byte_map_base: 0x000000000e7f1000

Marking Bits: (ParMarkBitMap*) 0x00000000597ebe50
 Begin Bits: [0x0000000013550000, 0x00000000174d8000)
 End Bits:   [0x00000000174d8000, 0x000000001b460000)

Polling page: 0x0000000000f40000

CodeCache: size=245760Kb used=328Kb max_used=328Kb free=245431Kb
 bounds [0x0000000002a40000, 0x0000000002cb0000, 0x0000000011a40000]
 total_blobs=57 nmethods=0 adapters=38
 compilation: enabled

Compilation events (0 events):
No events

GC Heap History (0 events):
No events

Deoptimization events (0 events):
No events

Classes redefined (0 events):
No events

Internal exceptions (0 events):
No events

Events (10 events):
Event: 0.017 loading class java/lang/Short
Event: 0.017 loading class java/lang/Short done
Event: 0.017 loading class java/lang/Integer
Event: 0.017 loading class java/lang/Integer done
Event: 0.017 loading class java/lang/Long
Event: 0.017 loading class java/lang/Long done
Event: 0.018 loading class java/lang/NullPointerException
Event: 0.018 loading class java/lang/NullPointerException done
Event: 0.018 loading class java/lang/ArithmeticException
Event: 0.018 loading class java/lang/ArithmeticException done


Dynamic libraries:
0x00007ff72f110000 - 0x00007ff72f145000 	C:\Program Files\Unity\Hub\Editor\2021.3.18f1\Editor\Data\PlaybackEngines\AndroidPlayer\OpenJDK\bin\java.exe
0x00007ffd64630000 - 0x00007ffd64844000 	C:\WINDOWS\SYSTEM32\ntdll.dll
0x00007ffd62d70000 - 0x00007ffd62e33000 	C:\WINDOWS\System32\KERNEL32.DLL
0x00007ffd61f50000 - 0x00007ffd622ec000 	C:\WINDOWS\System32\KERNELBASE.dll
0x00007ffd643c0000 - 0x00007ffd6446e000 	C:\WINDOWS\System32\ADVAPI32.dll
0x00007ffd63a70000 - 0x00007ffd63b17000 	C:\WINDOWS\System32\msvcrt.dll
0x00007ffd62ac0000 - 0x00007ffd62b64000 	C:\WINDOWS\System32\sechost.dll
0x00007ffd62b70000 - 0x00007ffd62c85000 	C:\WINDOWS\System32\RPCRT4.dll
0x00007ffd62e50000 - 0x00007ffd62ffd000 	C:\WINDOWS\System32\USER32.dll
0x00007ffd62410000 - 0x00007ffd62436000 	C:\WINDOWS\System32\win32u.dll
0x00007ffd630e0000 - 0x00007ffd63109000 	C:\WINDOWS\System32\GDI32.dll
0x00007ffd61e30000 - 0x00007ffd61f42000 	C:\WINDOWS\System32\gdi32full.dll
0x00007ffd62370000 - 0x00007ffd6240a000 	C:\WINDOWS\System32\msvcp_win.dll
0x00007ffd61c50000 - 0x00007ffd61d61000 	C:\WINDOWS\System32\ucrtbase.dll
0x00007ffd3e5c0000 - 0x00007ffd3e84e000 	C:\WINDOWS\WinSxS\amd64_microsoft.windows.common-controls_6595b64144ccf1df_6.0.22621.608_none_a9444ca7c10bb01d\COMCTL32.dll
0x00007ffd62a80000 - 0x00007ffd62ab2000 	C:\WINDOWS\System32\IMM32.DLL
0x0000000059ea0000 - 0x0000000059f72000 	C:\Program Files\Unity\Hub\Editor\2021.3.18f1\Editor\Data\PlaybackEngines\AndroidPlayer\OpenJDK\jre\bin\msvcr100.dll
0x0000000059020000 - 0x0000000059869000 	C:\Program Files\Unity\Hub\Editor\2021.3.18f1\Editor\Data\PlaybackEngines\AndroidPlayer\OpenJDK\jre\bin\server\jvm.dll
0x00007ffd62e40000 - 0x00007ffd62e48000 	C:\WINDOWS\System32\PSAPI.DLL
0x00007ffd42360000 - 0x00007ffd42369000 	C:\WINDOWS\SYSTEM32\WSOCK32.dll
0x00007ffd5ac00000 - 0x00007ffd5ac34000 	C:\WINDOWS\SYSTEM32\WINMM.dll
0x00007ffd5b210000 - 0x00007ffd5b21a000 	C:\WINDOWS\SYSTEM32\VERSION.dll
0x00007ffd638e0000 - 0x00007ffd63951000 	C:\WINDOWS\System32\WS2_32.dll
0x00007ffd5d220000 - 0x00007ffd5d22f000 	C:\Program Files\Unity\Hub\Editor\2021.3.18f1\Editor\Data\PlaybackEngines\AndroidPlayer\OpenJDK\jre\bin\verify.dll
0x00007ffd5c3e0000 - 0x00007ffd5c409000 	C:\Program Files\Unity\Hub\Editor\2021.3.18f1\Editor\Data\PlaybackEngines\AndroidPlayer\OpenJDK\jre\bin\java.dll
0x00007ffd5c7e0000 - 0x00007ffd5c7f6000 	C:\Program Files\Unity\Hub\Editor\2021.3.18f1\Editor\Data\PlaybackEngines\AndroidPlayer\OpenJDK\jre\bin\zip.dll

VM Arguments:
jvm_args: -Dfile.encoding=UTF-8 
java_command: org.gradle.launcher.GradleMain -Dorg.gradle.jvmargs=-Xmx4096m --stop
java_class_path (initial): C:\Program Files\Unity\Hub\Editor\2021.3.18f1\Editor\Data\PlaybackEngines\AndroidPlayer\Tools\gradle\lib\gradle-launcher-6.1.1.jar
Launcher Type: SUN_STANDARD

Environment Variables:
JAVA_HOME=C:\Program Files\Unity\Hub\Editor\2021.3.18f1\Editor\Data\PlaybackEngines\AndroidPlayer\OpenJDK
JAVA_TOOL_OPTIONS=-Dfile.encoding=UTF-8
USERNAME=Andreas
OS=Windows_NT
PROCESSOR_IDENTIFIER=Intel64 Family 6 Model 158 Stepping 10, GenuineIntel



---------------  S Y S T E M  ---------------

OS: Windows 10.0 , 64 bit Build 22621 (10.0.22621.1194)

CPU:total 12 (initial active 12) (6 cores per cpu, 2 threads per core) family 6 model 158 stepping 10, cmov, cx8, fxsr, mmx, sse, sse2, sse3, ssse3, sse4.1, sse4.2, popcnt, avx, avx2, aes, clmul, erms, 3dnowpref, lzcnt, ht, tsc, tscinvbit, bmi1, bmi2, adx

Memory: 4k page, physical 16647476k(6182276k free), swap 16647476k(8076k free)

vm_info: OpenJDK 64-Bit Server VM (25.71-b00) for windows-amd64 JRE (1.8.0-adoptopenjdk-_2018_05_19_00_59-b00), built on May 19 2018 01:02:12 by "jenkins" with MS VC++ 10.0 (VS2010)

time: Fri Feb 17 11:02:59 2023
elapsed time: 0 seconds (0d 0h 0m 0s)

